-------------------------------------------------------------------------------
Test set: com.falabella.cl.OfflineCodingEvaluation.OfflineCodingEvaluationApplicationTests
-------------------------------------------------------------------------------
Tests run: 1, Failures: 0, Errors: 1, Skipped: 0, Time elapsed: 6.895 s <<< FAILURE! - in com.falabella.cl.OfflineCodingEvaluation.OfflineCodingEvaluationApplicationTests
contextLoads  Time elapsed: 0.002 s  <<< ERROR!
java.lang.IllegalStateException: Failed to load ApplicationContext
Caused by: org.springframework.beans.factory.BeanCreationException: 
Error creating bean with name 'dataSourceScriptDatabaseInitializer' defined in class path resource [org/springframework/boot/autoconfigure/sql/init/DataSourceInitializationConfiguration.class]: Invocation of init method failed; nested exception is org.springframework.jdbc.datasource.init.ScriptStatementFailedException: Failed to execute SQL script statement #2 of URL [file:/C:/Users/luismichel.castillo/Documents/Cursos/000%20-%20Main%20courses/Chile/OfflineCodingEvaluation/target/classes/schema.sql]: CREATE TABLE CITY ( City_code INT AUTO_INCREMENT PRIMARY KEY, city_name VARCHAR(50) NOT NULL, city_pincode INT(8) NOT NULL ); nested exception is org.h2.jdbc.JdbcSQLSyntaxErrorException: Syntax error in SQL statement "CREATE TABLE CITY ( City_code INT AUTO_INCREMENT PRIMARY KEY, city_name VARCHAR(50) NOT NULL, city_pincode INT[*](8) NOT NULL )"; expected "ARRAY, INVISIBLE, VISIBLE, NOT, NULL, AS, DEFAULT, GENERATED, ON, NOT, NULL, AUTO_INCREMENT, DEFAULT, NULL_TO_DEFAULT, SEQUENCE, SELECTIVITY, COMMENT, CONSTRAINT, COMMENT, PRIMARY, UNIQUE, NOT, NULL, CHECK, REFERENCES, AUTO_INCREMENT, ,, )"; SQL statement:
CREATE TABLE CITY ( City_code INT AUTO_INCREMENT PRIMARY KEY, city_name VARCHAR(50) NOT NULL, city_pincode INT(8) NOT NULL ) [42001-212]
Caused by: org.springframework.jdbc.datasource.init.ScriptStatementFailedException: 
Failed to execute SQL script statement #2 of URL [file:/C:/Users/luismichel.castillo/Documents/Cursos/000%20-%20Main%20courses/Chile/OfflineCodingEvaluation/target/classes/schema.sql]: CREATE TABLE CITY ( City_code INT AUTO_INCREMENT PRIMARY KEY, city_name VARCHAR(50) NOT NULL, city_pincode INT(8) NOT NULL ); nested exception is org.h2.jdbc.JdbcSQLSyntaxErrorException: Syntax error in SQL statement "CREATE TABLE CITY ( City_code INT AUTO_INCREMENT PRIMARY KEY, city_name VARCHAR(50) NOT NULL, city_pincode INT[*](8) NOT NULL )"; expected "ARRAY, INVISIBLE, VISIBLE, NOT, NULL, AS, DEFAULT, GENERATED, ON, NOT, NULL, AUTO_INCREMENT, DEFAULT, NULL_TO_DEFAULT, SEQUENCE, SELECTIVITY, COMMENT, CONSTRAINT, COMMENT, PRIMARY, UNIQUE, NOT, NULL, CHECK, REFERENCES, AUTO_INCREMENT, ,, )"; SQL statement:
CREATE TABLE CITY ( City_code INT AUTO_INCREMENT PRIMARY KEY, city_name VARCHAR(50) NOT NULL, city_pincode INT(8) NOT NULL ) [42001-212]
Caused by: org.h2.jdbc.JdbcSQLSyntaxErrorException: 
Syntax error in SQL statement "CREATE TABLE CITY ( City_code INT AUTO_INCREMENT PRIMARY KEY, city_name VARCHAR(50) NOT NULL, city_pincode INT[*](8) NOT NULL )"; expected "ARRAY, INVISIBLE, VISIBLE, NOT, NULL, AS, DEFAULT, GENERATED, ON, NOT, NULL, AUTO_INCREMENT, DEFAULT, NULL_TO_DEFAULT, SEQUENCE, SELECTIVITY, COMMENT, CONSTRAINT, COMMENT, PRIMARY, UNIQUE, NOT, NULL, CHECK, REFERENCES, AUTO_INCREMENT, ,, )"; SQL statement:
CREATE TABLE CITY ( City_code INT AUTO_INCREMENT PRIMARY KEY, city_name VARCHAR(50) NOT NULL, city_pincode INT(8) NOT NULL ) [42001-212]

